Sequence		tRNA   	Bounds 	tRNA	Anti	Intron Bounds	Inf	HMM	2'Str	Isotype	Isotype	      
Name    	tRNA #	Begin  	End    	Type	Codon	Begin	End	Score	Score	Score	CM	Score	Note
--------	------	-----  	------ 	----	-----	-----	----	------	-----	-----	-------	-------	------
chr     	1	320578 	320651 	Pro	CGG	0	0	93.1	75.70	17.40	Pro	115.0	
chr     	2	487826 	487945 	Glu	TTC	487829,487907	487849,487927	99.7	81.30	18.40	Glu	122.0	NCI:2
chr     	3	496921 	497029 	Met	CAT	0	0	25.7	23.50	2.20	Arg	-14.5	IPD:-1.60
chr     	4	663679 	663772 	Ile2	CAT	663709	663728	102.8	86.90	15.90	Ile2	124.0	NCI:1
chr     	5	1055185	1055256	Val	CAC	0	0	96.4	78.70	17.70	Pro	104.8	IPD:-0.40
chr     	6	1217578	1217665	Leu	CAG	0	0	91.8	62.10	29.70	Leu	132.6	
chr     	7	1218974	1219067	Met	CAT	1219004	1219023	95.9	82.70	13.20	Phe	100.3	IPD:-6.00,NCI:1
chr     	8	1239015	1239132	Thr	TGT	1239046,1239096	1239065,1239115	101.9	85.20	16.70	Thr	119.5	NCI:2
chr     	9	1416282	1416357	Gln	TTG	0	0	91.5	73.10	18.40	Gln	109.1	
chr     	10	1420272	1420359	Leu	GAG	0	0	91.2	61.50	29.70	Leu	132.9	
chr     	11	1423882	1423956	Ile	GAT	0	0	102.6	86.80	15.80	Ile	122.7	
chr     	12	1424045	1424139	Ala	TGC	1424081	1424100	89.2	73.80	15.40	Ala	110.3	CI
chr     	13	1661495	1661585	iMet	CAT	1661534	1661550	99.6	75.90	23.70	iMet	114.4	NCI:1
chr     	14	1740444	1740534	Gly	TCC	1740484	1740498	90.1	74.20	15.90	Gly	114.0	CI
chr     	15	1798211	1798301	Pro	GGG	1798250	1798265	88.2	72.90	15.30	Pro	116.9	CI
chr     	16	1819457	1819530	Lys	CTT	0	0	100.3	81.60	18.70	Lys	122.7	
chr     	17	1904041	1904119	Gly	GCC	0	0	103.2	87.20	16.00	Gly	118.7	
chr     	18	1924495	1924596	Arg	CCG	1924527	1924550	102.5	84.00	18.50	Arg	116.5	NCI:1
chr     	19	1937685	1937761	Trp	CCA	0	0	102.3	85.90	16.40	Trp	111.0	
chr     	20	1959975	1960062	Leu	TAA	0	0	98.5	68.90	29.60	Leu	138.2	
chr     	21	2007525	2007609	Ser	GGA	0	0	84.9	63.30	21.60	Ser	106.6	
chr     	22	2007730	2007814	Ser	GCT	0	0	86.2	62.40	23.80	Ser	100.4	
chr     	23	2020794	2020881	Leu	TAG	0	0	91.0	61.40	29.60	Leu	132.9	
chr     	24	2028602	2028700	Cys	GCA	2028661	2028682	102.9	86.50	16.40	His	99.9	IPD:-7.10,NCI:1
chr     	25	2039014	2039108	Thr	CGT	2039045	2039064	96.5	79.70	16.80	Thr	114.2	NCI:1
chr     	26	2099023	2099110	Asn	GTT	2099062	2099074	94.0	77.60	16.40	Asn	108.8	CI
chr     	27	1960241	1960166	Gly	CCC	0	0	97.1	81.00	16.10	Gly	113.6	
chr     	28	1839080	1839009	Ala	GGC	0	0	86.9	71.20	15.70	Ala	104.4	
chr     	29	1828728	1828651	Lys	TTT	0	0	103.5	84.90	18.60	Lys	122.2	
chr     	30	1826483	1826395	Pro	TGG	1826445	1826431	87.9	72.50	15.40	Pro	112.4	CI
chr     	31	1825531	1825435	Val	TAC	1825495	1825471	87.2	70.00	17.20	Val	105.0	CI
chr     	32	1819275	1819184	Val	GAC	1819247	1819228	95.6	79.10	16.50	Pro	106.1	IPD:-3.70,NCI:1
chr     	33	1797917	1797828	Gln	CTG	1797895	1797879	86.5	68.10	18.40	Gln	104.2	NCI:1
chr     	34	1792192	1792081	Thr	GGT	1792153,1792116	1792135,1792101	97.8	74.90	22.90	Thr	120.5	NCI:2
chr     	35	1735041	1734967	Phe	GAA	0	0	99.7	82.60	17.10	Phe	114.5	
chr     	36	1298281	1298180	Arg	CCT	1298249	1298226	101.1	82.60	18.50	Arg	114.7	NCI:1
chr     	37	1226102	1226004	Asp	GTC	1226099	1226079	97.9	79.70	18.20	Asp	119.4	NCI:1
chr     	38	1196357	1196281	Arg	TCG	0	0	105.1	86.50	18.60	Lys	107.5	IPD:-2.70
chr     	39	1025434	1025347	Ser	TGA	0	0	91.3	67.60	23.70	Ser	116.1	
chr     	40	895474 	895379 	Glu	CTC	895471	895451	97.5	81.70	15.80	Glu	118.7	NCI:1
chr     	41	883422 	883335 	Leu	CAA	0	0	97.1	67.40	29.70	Leu	137.0	
chr     	42	842404 	842327 	Arg	TCT	0	0	100.7	83.10	17.60	Arg	114.8	
chr     	43	837785 	837670 	Tyr	GTA	837745	837704	90.7	69.50	21.20	Tyr	104.5	NCI:1
chr     	44	486542 	486449 	Arg	GCG	486484	486469	99.1	80.40	18.70	Arg	111.0	NCI:1
chr     	45	380284 	380200 	Ser	CGA	0	0	85.1	61.50	23.60	Ser	109.5	
chr     	46	303676 	303602 	Ala	CGC	0	0	98.1	82.40	15.70	Ala	110.2	
chr     	47	21867  	21776  	His	GTG	21823	21807	87.7	71.30	16.40	His	99.8	NCI:1
