Sequence		tRNA   	Bounds 	tRNA	Anti	Intron Bounds	Inf	HMM	2'Str	Isotype	Isotype	      
Name    	tRNA #	Begin  	End    	Type	Codon	Begin	End	Score	Score	Score	CM	Score	Note
--------	------	-----  	------ 	----	-----	-----	----	------	-----	-----	-------	-------	------
chr     	1	78069  	78162  	Arg	GCG	78127	78142	99.1	80.40	18.70	Arg	111.0	NCI:1
chr     	2	217834 	217934 	Ile2	CAT	217864	217890	103.4	87.60	15.80	Ile	123.1	IPD:-3.60,NCI:1
chr     	3	650859 	650930 	Val	CAC	0	0	96.4	78.70	17.70	Pro	104.8	IPD:-0.40
chr     	4	666900 	667002 	Ser	TGA	666938	666952	84.4	63.10	21.30	Ser	116.2	CI
chr     	5	704452 	704523 	Ala	CGC	0	0	92.3	76.70	15.60	Ala	104.6	
chr     	6	1155235	1155325	Pro	GGG	1155274	1155289	88.2	73.00	15.20	Pro	116.9	CI
chr     	7	1155444	1155516	Gln	CTG	0	0	89.6	71.20	18.40	Gln	105.0	
chr     	8	1351184	1351268	Leu	TAG	0	0	85.3	55.60	29.70	Leu	127.8	
chr     	9	1582574	1582671	Ser	GGA	1582612	1582624	79.7	59.70	20.00	Ser	106.5	CI
chr     	10	1582747	1582831	Ser	GCT	0	0	88.1	63.00	25.10	Ser	102.3	
chr     	11	1696536	1696626	Pro	TGG	1696575	1696590	83.8	64.60	19.20	Pro	109.9	CI
chr     	12	1755536	1755610	Asn	GTT	0	0	101.1	84.50	16.60	Asn	108.8	
chr     	13	1877894	1877987	Met	CAT	1877924	1877943	95.9	82.70	13.20	Phe	100.3	IPD:-6.00,NCI:1
chr     	14	2023269	2023343	Pro	CGG	0	0	89.1	71.80	17.30	Pro	112.4	
chr     	15	2095913	2095791	Ser	CGA	2095882,2095853	2095861,2095841	84.2	61.40	22.80	Ser	114.9	CI,NCI:1
chr     	16	1877584	1877497	Leu	CAG	0	0	91.8	62.10	29.70	Leu	132.6	
chr     	17	1866633	1866539	Arg	TCG	1866576	1866559	105.1	86.50	18.60	Lys	107.5	IPD:-2.70,NCI:1
chr     	18	1804398	1804300	Asp	GTC	1804395	1804375	97.9	79.70	18.20	Asp	119.4	NCI:1
chr     	19	1797349	1797255	Thr	CGT	1797318	1797299	96.5	79.70	16.80	Thr	114.2	NCI:1
chr     	20	1786437	1786342	Cys	GCA	1786416	1786395	97.2	80.80	16.40	His	95.4	NCI:1
chr     	21	1707485	1707411	Ala	GGC	0	0	92.7	77.00	15.70	Ala	110.0	
chr     	22	1695343	1695266	Lys	TTT	0	0	103.5	84.90	18.60	Lys	122.2	
chr     	23	1695126	1695029	Val	TAC	1695089	1695065	85.2	69.10	16.10	Val	103.6	CI
chr     	24	1693504	1693410	Thr	TGT	1693473	1693454	96.2	79.40	16.80	Thr	114.7	NCI:1
chr     	25	1623365	1623289	Trp	CCA	0	0	102.3	85.80	16.50	Trp	108.6	
chr     	26	1534612	1534537	Gly	CCC	0	0	97.1	81.00	16.10	Gly	113.6	
chr     	27	1531664	1531580	Leu	TAA	0	0	91.8	62.10	29.70	Leu	132.4	
chr     	28	1482655	1482579	Lys	CTT	0	0	106.0	87.40	18.60	Lys	126.9	
chr     	29	1482433	1482342	Val	GAC	1482405	1482386	95.6	79.10	16.50	Pro	106.1	IPD:-3.70,NCI:1
chr     	30	1482289	1482212	Arg	CCG	0	0	102.5	84.00	18.50	Arg	116.5	
chr     	31	1479953	1479841	Gly	GCC	1479929	1479896	103.2	87.20	16.00	Gly	118.7	NCI:1
chr     	32	1380373	1380299	Ile	GAT	0	0	102.6	86.80	15.80	Ile	122.7	
chr     	33	1347059	1346988	Ala	TGC	0	0	90.8	75.10	15.70	Ala	104.6	
chr     	34	1346043	1345971	Gln	TTG	0	0	88.9	70.50	18.40	Gln	104.9	
chr     	35	1155809	1155722	Leu	GAG	0	0	91.2	61.50	29.70	Leu	132.9	
chr     	36	1141743	1141651	Thr	GGT	1141705	1141687	83.1	62.10	21.00	Thr	109.5	CI
chr     	37	1045442	1045371	His	GTG	0	0	81.9	65.50	16.40	His	95.3	
chr     	38	895710 	895620 	Gly	TCC	895670	895656	89.2	73.10	16.10	Gly	113.6	CI
chr     	39	890060 	889986 	Phe	GAA	0	0	99.7	82.60	17.10	Phe	114.5	
chr     	40	783243 	783153 	iMet	CAT	783204	783188	99.6	75.90	23.70	iMet	114.4	NCI:1
chr     	41	705110 	705033 	Arg	CCT	0	0	103.3	84.80	18.50	Arg	116.2	
chr     	42	572485 	572390 	Glu	CTC	572482	572462	98.7	83.00	15.70	Glu	122.7	NCI:1
chr     	43	557567 	557480 	Leu	CAA	0	0	97.1	67.40	29.70	Leu	137.0	
chr     	44	379366 	379252 	Tyr	GTA	379326	379286	90.7	69.50	21.20	Tyr	102.5	NCI:1
chr     	45	372012 	371935 	Arg	TCT	0	0	100.7	83.10	17.60	Arg	114.8	
chr     	46	78642  	78547  	Glu	TTC	78639	78619	92.8	79.70	13.10	Glu	119.1	NCI:1
