Sequence		tRNA   	Bounds 	tRNA	Anti	Intron Bounds	Inf	HMM	2'Str	Isotype	Isotype	      
Name    	tRNA #	Begin  	End    	Type	Codon	Begin	End	Score	Score	Score	CM	Score	Note
--------	------	-----  	------ 	----	-----	-----	----	------	-----	-----	-------	-------	------
chr     	1	91013  	91127  	Pro	CGG	91039,91090	91058,91107	98.8	81.50	17.30	Pro	120.0	NCI:2
chr     	2	335212 	335303 	Gly	TCC	335252	335267	90.1	74.10	16.00	Gly	114.0	CI
chr     	3	471455 	471566 	Gly	CCC	471477	471512	95.9	79.80	16.10	Gly	113.0	NCI:1
chr     	4	471637 	471724 	Leu	TAA	0	0	98.5	68.90	29.60	Leu	138.2	
chr     	5	543361 	543448 	Ser	GGA	0	0	90.6	69.00	21.60	Ser	112.1	
chr     	6	543576 	543663 	Ser	GCT	0	0	93.9	68.80	25.10	Ser	108.0	
chr     	7	552531 	552618 	Leu	GAG	0	0	91.2	61.50	29.70	Leu	132.9	
chr     	8	556155 	556276 	Ile	GAT	556194,556223	556208,556251	100.9	85.20	15.70	Ile	127.0	CI,NCI:1
chr     	9	624754 	624857 	Ser	CGA	624792	624807	85.7	62.60	23.10	Ser	116.4	CI
chr     	10	741900 	741997 	Arg	CCT	741932	741954	96.3	77.80	18.50	Lys	111.0	IPD:-0.60,NCI:1
chr     	11	806067 	806194 	Val	TAC	806103,806142	806127,806169	92.9	75.40	17.50	Val	110.3	CI,NCI:1
chr     	12	806265 	806394 	Pro	TGG	806291,806321,806357	806308,806337,806374	93.5	74.50	19.00	Pro	117.4	CI,NCI:2
chr     	13	1127949	1128054	Ile2	CAT	1127979	1128010	100.0	84.10	15.90	Ile	113.5	IPD:-1.40,NCI:1
chr     	14	1259109	1259185	iMet	CAT	0	0	105.3	81.60	23.70	iMet	118.8	
chr     	15	1395175	1395291	Tyr	GTA	1395215	1395257	92.0	70.80	21.20	Tyr	103.2	NCI:1
chr     	16	1424981	1425078	Arg	TCT	1425013	1425032	100.7	83.10	17.60	Arg	114.8	NCI:1
chr     	17	1678319	1678403	Leu	CAG	0	0	86.0	56.40	29.60	Leu	127.4	
chr     	18	1678448	1678542	Met	CAT	1678479	1678498	95.9	82.90	13.00	Ile	110.2	IPD:-8.80,NCI:1
chr     	19	1685379	1685497	Asp	GTC	1685382,1685428	1685402,1685447	97.9	79.70	18.20	Asp	119.4	NCI:2
chr     	20	1691338	1691446	Thr	TGT	1691369,1691397	1691388,1691410	89.2	72.50	16.70	Thr	114.7	CI,NCI:1
chr     	21	1705194	1705288	Ala	TGC	1705222	1705241	96.5	80.80	15.70	Ala	110.3	NCI:1
chr     	22	1704246	1704135	Gln	CTG	1704224,1704190	1704209,1704171	92.2	73.80	18.40	Gln	109.2	NCI:2
chr     	23	1699726	1699639	Leu	TAG	0	0	91.0	61.40	29.60	Leu	132.9	
chr     	24	1695782	1695674	Cys	GCA	1695751,1695724	1695732,1695713	95.5	79.20	16.30	His	99.9	IPD:-7.10,CI,NCI:1
chr     	25	1666595	1666518	Arg	TCG	0	0	104.0	87.50	16.50	Arg	111.2	
chr     	26	1575116	1575027	Val	CAC	1575080	1575063	89.1	72.00	17.10	Pro	104.8	IPD:-0.40,CI
chr     	27	1552530	1552408	Ser	TGA	1552503,1552469	1552481,1552458	85.4	62.20	23.20	Ser	116.2	CI,NCI:1
chr     	28	1456990	1456906	Leu	CAA	0	0	91.3	61.60	29.70	Leu	131.9	
chr     	29	1447346	1447227	Glu	CTC	1447343,1447288	1447323,1447268	104.5	88.70	15.80	Glu	126.7	NCI:2
chr     	30	1020887	1020764	Glu	TTC	1020884,1020832	1020864,1020808	98.5	85.40	13.10	Glu	123.1	NCI:2
chr     	31	1020675	1020581	Arg	GCG	1020643	1020624	93.3	74.60	18.70	Arg	106.4	NCI:1
chr     	32	858497 	858389 	Thr	CGT	858466,858438	858447,858425	89.7	73.00	16.70	Thr	114.2	CI,NCI:1
chr     	33	807129 	807029 	Lys	TTT	807097	807075	103.5	84.90	18.60	Lys	122.2	NCI:1
chr     	34	713260 	713145 	Asn	GTT	713228,713190	713206,713173	100.1	83.50	16.60	Asn	111.1	NCI:2
chr     	35	695709 	695638 	Ala	GGC	0	0	86.9	71.20	15.70	Ala	104.4	
chr     	36	459148 	459041 	Gly	GCC	459126	459098	103.2	87.20	16.00	Gly	118.7	NCI:1
chr     	37	459005 	458905 	Arg	CCG	458973	458951	101.4	82.90	18.50	Arg	115.4	NCI:1
chr     	38	456055 	455979 	Trp	CCA	0	0	102.4	85.90	16.50	Trp	116.2	
chr     	39	431619 	431501 	Lys	CTT	431588,431558	431566,431537	100.3	81.60	18.70	Lys	122.7	CI,NCI:1
chr     	40	431440 	431349 	Val	GAC	431412	431393	95.6	79.10	16.50	Pro	106.1	IPD:-3.70,NCI:1
chr     	41	411327 	411216 	Gln	TTG	411305,411271	411290,411252	91.5	73.10	18.40	Gln	109.1	NCI:2
chr     	42	409898 	409784 	Pro	GGG	409871,409841	409854,409820	88.0	72.80	15.20	Pro	116.9	CI,NCI:1
chr     	43	409363 	409290 	Thr	GGT	0	0	92.1	69.10	23.00	Thr	115.7	
chr     	44	318551 	318459 	Phe	GAA	318513	318496	98.7	81.60	17.10	Phe	113.5	NCI:1
chr     	45	118901 	118830 	Ala	CGC	0	0	91.5	75.80	15.70	Ala	100.7	
chr     	46	51892  	51821  	His	GTG	0	0	81.9	65.50	16.40	His	95.3	
