Sequence		tRNA   	Bounds 	tRNA	Anti	Intron Bounds	Inf	HMM	2'Str	Isotype	Isotype	      
Name    	tRNA #	Begin  	End    	Type	Codon	Begin	End	Score	Score	Score	CM	Score	Note
--------	------	-----  	------ 	----	-----	-----	----	------	-----	-----	-------	-------	------
chr     	1	101912 	102000 	Val	CAC	101948	101964	88.4	73.20	15.20	Pro	104.8	IPD:-0.40,CI
chr     	2	289921 	290047 	Ile2	CAT	289952,289994	289971,290022	103.2	83.80	19.40	Ile2	108.6	NCI:2
chr     	3	290198 	290285 	Leu	CAG	0	0	91.8	62.10	29.70	Leu	132.6	
chr     	4	309121 	309219 	Asp	GTC	309124	309144	100.5	84.70	15.80	Asp	118.9	NCI:1
chr     	5	373844 	373974 	Arg	CCT	373876,373921	373899,373949	103.2	86.70	16.50	Arg	117.3	NCI:2
chr     	6	417714 	417805 	Ala	GGC	417750	417766	85.5	69.80	15.70	Ala	110.0	CI
chr     	7	446965 	447061 	Lys	TTT	447005	447023	103.5	84.90	18.60	Lys	122.2	NCI:1
chr     	8	1015560	1015662	Gln	TTG	1015611	1015637	91.5	73.10	18.40	Gln	109.1	NCI:1
chr     	9	1031501	1031595	Thr	CGT	1031532	1031551	96.9	80.20	16.70	Thr	114.7	NCI:1
chr     	10	1033797	1033924	Thr	TGT	1033828,1033870	1033847,1033899	100.7	84.00	16.70	Thr	118.0	NCI:2
chr     	11	1046702	1046842	Cys	GCA	1046724,1046766,1046789	1046741,1046782,1046817	105.1	88.80	16.30	His	101.3	IPD:-8.60,NCI:3
chr     	12	1116113	1116206	Gly	CCC	1116153	1116167	95.7	79.60	16.10	Gly	118.2	CI
chr     	13	1158552	1158644	Trp	CCA	1158598	1158613	102.3	85.90	16.40	Trp	111.0	NCI:1
chr     	14	1158877	1158968	Arg	CCG	1158916	1158929	93.6	75.20	18.40	Arg	115.4	CI
chr     	15	1262146	1262264	Gln	CTG	1262168,1262213	1262183,1262239	92.2	73.80	18.40	Gln	109.2	NCI:2
chr     	16	1282355	1282450	Thr	GGT	1282394	1282412	97.8	74.90	22.90	Thr	120.5	NCI:1
chr     	17	1348915	1348989	Phe	GAA	0	0	99.7	82.60	17.10	Phe	114.5	
chr     	18	1755144	1755237	Pro	CGG	1755201	1755217	88.8	78.70	10.10	Pro	109.9	NCI:1
chr     	19	1936202	1936297	Glu	TTC	1936205	1936225	92.8	79.70	13.10	Glu	119.1	NCI:1
chr     	20	2101070	2101195	Ile2	CAT	2101100,2101142	2101119,2101170	104.9	87.90	17.00	Ile2	125.2	NCI:2
chr     	21	2267674	2267765	Arg	TCT	2267713	2267726	93.5	76.00	17.50	Arg	114.8	CI
chr     	22	2380074	2380169	Glu	CTC	2380077	2380097	98.7	83.00	15.70	Glu	122.7	NCI:1
chr     	23	2354089	2353986	Leu	CAA	2354021	2354006	97.1	67.40	29.70	Leu	137.0	NCI:1
chr     	24	2267231	2267083	Tyr	GTA	2267191,2267135	2267148,2267108	96.4	75.20	21.20	Tyr	107.7	NCI:2
chr     	25	1938629	1938501	Arg	GCG	1938597,1938554	1938576,1938526	100.9	83.70	17.20	Arg	116.6	NCI:2
chr     	26	1829853	1829752	Ser	CGA	1829815	1829802	82.3	59.20	23.10	Ser	112.6	CI
chr     	27	1734130	1734039	Ala	CGC	1734094	1734078	90.5	76.00	14.50	Ala	110.2	CI
chr     	28	1467327	1467239	iMet	CAT	1467288	1467274	99.6	75.90	23.70	iMet	114.4	NCI:1
chr     	29	1341961	1341871	Gly	TCC	1341921	1341907	89.2	73.20	16.00	Gly	113.6	CI
chr     	30	1262043	1261917	Pro	GGG	1262004,1261970	1261985,1261942	92.6	77.40	15.20	Pro	121.9	CI,NCI:1
chr     	31	1244369	1244278	Val	GAC	1244341	1244322	95.6	79.10	16.50	Pro	106.1	IPD:-3.70,NCI:1
chr     	32	1238622	1238506	Lys	CTT	1238591,1238561	1238570,1238544	106.0	87.40	18.60	Lys	126.9	NCI:2
chr     	33	1171233	1171140	Gly	GCC	1171193	1171179	96.0	80.00	16.00	Gly	118.7	CI
chr     	34	1116579	1116495	Leu	TAG	0	0	85.3	55.60	29.70	Leu	127.8	
chr     	35	1069228	1069130	Ser	GGA	1069190	1069177	78.5	56.70	21.80	Ser	107.5	CI
chr     	36	1068927	1068843	Ser	GCT	0	0	88.1	63.00	25.10	Ser	102.3	
chr     	37	1056029	1055926	Leu	TAA	1055961	1055946	98.5	68.90	29.60	Leu	138.2	NCI:1
chr     	38	1020330	1020246	Leu	GAG	0	0	85.4	55.80	29.60	Leu	127.8	
chr     	39	1014621	1014518	Ala	TGC	1014571	1014543	94.6	78.90	15.70	Ala	106.7	NCI:1
chr     	40	727516 	727420 	His	GTG	727466	727445	87.7	71.30	16.40	His	99.8	NCI:1
chr     	41	570580 	570461 	Asn	GTT	570541,570514	570529,570486	99.7	83.20	16.50	Asn	112.9	CI,NCI:1
chr     	42	453036 	452907 	Val	TAC	452999,452960	452975,452932	91.1	76.50	14.60	Val	114.1	CI,NCI:1
chr     	43	450812 	450690 	Pro	TGG	450774,450743	450758,450715	93.5	75.90	17.60	Pro	117.4	CI,NCI:1
chr     	44	449775 	449650 	Ile	GAT	449736,449703	449718,449675	96.4	81.10	15.30	Ile	122.0	CI,NCI:1
chr     	45	247496 	247376 	Met	CAT	247471	247452	39.5	47.20	-7.70	Gly	16.1	IPD:-23.30,trunc_start:8,NCI:1
chr     	46	228764 	228677 	Arg	TCG	228726	228713	91.2	72.80	18.40	Lys	101.3	IPD:-1.20,CI
chr     	47	77483  	77388  	Ser	TGA	77445	77434	79.2	55.20	24.00	Ser	107.5	CI
