Sequence		tRNA   	Bounds 	tRNA	Anti	Intron Bounds	Inf	HMM	2'Str	Isotype	Isotype	      
Name    	tRNA #	Begin  	End    	Type	Codon	Begin	End	Score	Score	Score	CM	Score	Note
--------	------	-----  	------ 	----	-----	-----	----	------	-----	-----	-------	-------	------
chr     	1	51883  	51976  	Arg	GCG	51941	51956	100.2	82.60	17.60	Arg	115.0	NCI:1
chr     	2	178202 	178311 	Asp	GTC	178239,178281	178256,178297	92.2	73.90	18.30	Asp	115.0	NCI:2
chr     	3	184299 	184410 	Met	CAT	184330,184359	184349,184375	100.9	84.00	16.90	Ile	114.4	IPD:-10.40,NCI:2
chr     	4	326178 	326262 	Leu	CAG	0	0	84.6	56.60	28.00	Leu	125.1	
chr     	5	401005 	401098 	Arg	TCG	401063	401078	101.9	83.40	18.50	Arg	108.6	NCI:1
chr     	6	470725 	470837 	Ile2	CAT	470755,470799	470774,470814	105.7	89.80	15.90	Ile	117.8	IPD:-1.40,NCI:2
chr     	7	514425 	514522 	Ser	TGA	514463	514475	79.5	56.50	23.00	Ser	110.6	CI
chr     	8	533740 	533858 	Val	CAC	533776,533808	533791,533835	93.8	77.30	16.50	Pro	108.7	IPD:-1.10,CI,NCI:1
chr     	9	579410 	579526 	Val	TAC	579446,579487	579470,579503	92.7	77.10	15.60	Val	108.4	CI,NCI:1
chr     	10	829919 	830055 	Glu	CTC	829943,829974,830020	829960,829995,830038	104.5	88.70	15.80	Glu	126.7	NCI:3
chr     	11	876265 	876358 	Arg	CCT	876323	876338	101.1	82.60	18.50	Arg	114.7	NCI:1
chr     	12	914187 	914292 	Ala	GGC	914223,914253	914236,914269	85.7	70.40	15.30	Ala	110.0	CI,NCI:1
chr     	13	951001 	951098 	Ser	GGA	951039	951051	80.1	57.10	23.00	Ser	109.7	CI
chr     	14	1026727	1026811	Leu	GAG	0	0	85.4	55.80	29.60	Leu	127.8	
chr     	15	1028707	1028799	Thr	GGT	1028745	1028760	87.3	66.80	20.50	Thr	112.7	CI
chr     	16	1233175	1233292	iMet	CAT	1233214,1233259	1233237,1233278	99.6	75.90	23.70	iMet	114.4	NCI:2
chr     	17	1252620	1252726	Ala	CGC	1252656,1252688	1252671,1252703	90.0	74.80	15.20	Ala	106.3	CI,NCI:1
chr     	18	1327527	1327620	Arg	TCT	1327585	1327600	100.7	83.10	17.60	Arg	114.8	NCI:1
chr     	19	1469818	1469911	Arg	CCG	1469876	1469891	101.4	82.90	18.50	Arg	115.4	NCI:1
chr     	20	1598539	1598666	Pro	TGG	1598565,1598595,1598627	1598582,1598610,1598643	93.5	76.40	17.10	Pro	115.3	CI,NCI:2
chr     	21	1598752	1598876	Gln	TTG	1598774,1598806,1598837	1598789,1598821,1598853	84.3	66.00	18.30	Gln	109.1	CI,NCI:2
chr     	22	1647546	1647639	Gly	CCC	1647578	1647595	97.1	81.00	16.10	Gly	113.6	NCI:1
chr     	23	1687978	1688071	Gly	GCC	1688010	1688027	97.5	81.40	16.10	Gly	114.0	NCI:1
chr     	24	1688197	1688289	Lys	CTT	1688254	1688269	106.0	87.40	18.60	Lys	126.9	NCI:1
chr     	25	1957505	1957604	Ser	CGA	1957543	1957557	78.3	55.30	23.00	Ser	110.1	CI
chr     	26	1897833	1897727	His	GTG	1897808,1897758	1897792,1897741	79.8	63.30	16.50	His	94.0	NCI:2
chr     	27	1893796	1893686	Pro	CGG	1893770,1893724	1893753,1893709	98.8	81.50	17.30	Pro	117.9	NCI:2
chr     	28	1883328	1883217	Trp	CCA	1883282,1883252	1883267,1883234	98.3	73.80	24.50	Lys	100.2	IPD:-4.80,NCI:2
chr     	29	1821412	1821305	Gly	TCC	1821380,1821354	1821363,1821341	89.2	73.20	16.00	Gly	113.6	CI,NCI:1
chr     	30	1820891	1820803	Phe	GAA	1820853	1820837	94.1	77.00	17.10	Phe	109.1	NCI:1
chr     	31	1647452	1647368	Leu	TAA	0	0	92.8	63.10	29.70	Leu	133.0	
chr     	32	1601212	1601090	Pro	GGG	1601173,1601128	1601145,1601113	93.4	78.10	15.30	Pro	121.9	CI,NCI:1
chr     	33	1329907	1329769	Tyr	GTA	1329867,1329804	1329825,1329786	97.7	76.50	21.20	Tyr	108.5	NCI:2
chr     	34	1088212	1088102	Asn	GTT	1088165,1088135	1088150,1088119	106.8	90.20	16.60	Asn	112.9	NCI:2
chr     	35	987244 	987115 	Thr	TGT	987220,987186,987154	987202,987171,987138	92.7	77.20	15.50	Thr	114.2	CI,NCI:2
chr     	36	924443 	924328 	Val	GAC	924407,924378	924395,924351	94.3	77.80	16.50	Pro	111.1	IPD:-3.30,CI,NCI:1
chr     	37	914056 	913963 	Lys	TTT	913998	913983	103.5	84.90	18.60	Lys	122.2	NCI:1
chr     	38	603197 	603113 	Leu	CAA	0	0	91.4	61.60	29.80	Leu	130.5	
chr     	39	430352 	430268 	Ser	GCT	0	0	86.2	62.40	23.80	Ser	100.4	
chr     	40	402377 	402283 	Ile	GAT	402322	402306	108.4	92.60	15.80	Ile	127.0	NCI:1
chr     	41	375732 	375648 	Leu	TAG	0	0	85.3	55.60	29.70	Leu	127.8	
chr     	42	321593 	321489 	Ala	TGC	321557,321528	321545,321512	89.4	74.50	14.90	Ala	110.3	CI,NCI:1
chr     	43	320574 	320451 	Gln	CTG	320552,320520,320490	320537,320506,320474	85.0	66.70	18.30	Gln	109.2	CI,NCI:2
chr     	44	168716 	168604 	Thr	CGT	168692,168658	168674,168643	94.2	77.50	16.70	Thr	119.1	CI,NCI:1
chr     	45	160958 	160848 	Cys	GCA	160934,160891	160915,160876	93.4	77.00	16.40	His	91.3	IPD:-7.00,NCI:2
chr     	46	51762  	51634  	Glu	TTC	51738,51709,51667	51723,51692,51651	100.9	82.60	18.30	Glu	125.9	NCI:3
