Sequence		tRNA   	Bounds 	tRNA	Anti	Intron Bounds	Inf	HMM	2'Str	Isotype	Isotype	      
Name    	tRNA #	Begin  	End    	Type	Codon	Begin	End	Score	Score	Score	CM	Score	Note
--------	------	-----  	------ 	----	-----	-----	----	------	-----	-----	-------	-------	------
chr     	1	94815  	94913  	Asp	GTC	94818	94838	97.9	79.70	18.20	Asp	119.4	NCI:1
chr     	2	101865 	101959 	Thr	CGT	101896	101915	96.5	79.70	16.80	Thr	114.2	NCI:1
chr     	3	112780 	112875 	Cys	GCA	112803	112824	97.2	80.80	16.40	His	95.4	IPD:-7.40
chr     	4	189805 	189879 	Ala	GGC	0	0	92.7	77.00	15.70	Ala	110.0	
chr     	5	201928 	202005 	Lys	TTT	0	0	103.5	84.90	18.60	Lys	122.2	
chr     	6	204073 	204170 	Val	TAC	204110	204134	85.2	69.10	16.10	Val	103.6	CI
chr     	7	205693 	205787 	Thr	TGT	205724	205743	96.2	79.40	16.80	Thr	114.7	NCI:1
chr     	8	276010 	276086 	Trp	CCA	0	0	102.3	85.80	16.50	Trp	108.6	
chr     	9	362554 	362629 	Gly	CCC	0	0	97.1	81.00	16.10	Gly	113.6	
chr     	10	365505 	365589 	Leu	TAA	0	0	91.8	62.10	29.70	Leu	132.4	
chr     	11	414489 	414565 	Lys	CTT	0	0	106.0	87.40	18.60	Lys	126.9	
chr     	12	414712 	414803 	Val	GAC	414740	414759	95.6	79.10	16.50	Pro	106.1	IPD:-3.70,NCI:1
chr     	13	414856 	414933 	Arg	CCG	0	0	102.5	84.00	18.50	Arg	116.5	
chr     	14	419028 	419140 	Gly	GCC	419052	419085	103.2	87.20	16.00	Gly	118.7	NCI:1
chr     	15	582492 	582566 	Ile	GAT	0	0	102.6	86.80	15.80	Ile	122.7	
chr     	16	609191 	609262 	Ala	TGC	0	0	90.8	75.10	15.70	Ala	104.6	
chr     	17	610207 	610279 	Gln	TTG	0	0	88.9	70.50	18.40	Gln	104.9	
chr     	18	795880 	795967 	Leu	GAG	0	0	91.2	61.50	29.70	Leu	132.9	
chr     	19	812674 	812766 	Thr	GGT	812712	812730	82.2	61.10	21.10	Thr	108.6	CI
chr     	20	1140206	1140280	Phe	GAA	0	0	99.7	82.60	17.10	Phe	114.5	
chr     	21	1271985	1272099	iMet	CAT	1272024,1272061	1272041,1272080	105.3	81.60	23.70	iMet	118.8	NCI:2
chr     	22	1341862	1341939	Arg	CCT	0	0	103.3	84.80	18.50	Arg	116.2	
chr     	23	1488338	1488433	Glu	CTC	1488341	1488361	98.7	83.00	15.70	Glu	122.7	NCI:1
chr     	24	1498379	1498466	Leu	CAA	0	0	97.1	67.40	29.70	Leu	137.0	
chr     	25	2086062	2086157	Glu	TTC	2086065	2086085	92.8	79.70	13.10	Glu	119.1	NCI:1
chr     	26	2189671	2189780	Ser	CGA	2189702	2189723	93.3	68.80	24.50	Ser	115.2	NCI:1
chr     	27	2254334	2254408	Pro	CGG	0	0	89.1	71.80	17.30	Pro	112.4	
chr     	28	2423902	2424026	Val	TAC	2423942	2423958	40.3	29.80	10.50	Val	70.4	CI
chr     	29	2428835	2428748	Leu	CAG	0	0	91.8	62.10	29.70	Leu	132.6	
chr     	30	2423593	2423500	Met	CAT	2423563	2423544	95.9	82.70	13.20	Phe	100.3	IPD:-6.00,NCI:1
chr     	31	2086632	2086539	Arg	GCG	2086574	2086559	99.1	80.40	18.70	Arg	111.0	NCI:1
chr     	32	1933854	1933754	Ile2	CAT	1933824	1933798	103.4	87.60	15.80	Ile	123.1	IPD:-3.60,NCI:1
chr     	33	1705979	1705902	Arg	TCT	0	0	100.7	83.10	17.60	Arg	114.8	
chr     	34	1684803	1684726	Arg	TCT	0	0	100.7	83.10	17.60	Arg	114.8	
chr     	35	1678862	1678747	Tyr	GTA	1678822	1678781	91.1	69.90	21.20	Tyr	104.8	NCI:1
chr     	36	1401419	1401348	Val	CAC	0	0	96.4	78.70	17.70	Pro	104.8	IPD:-0.40
chr     	37	1385374	1385287	Ser	TGA	0	0	91.3	67.60	23.70	Ser	116.1	
chr     	38	1343153	1343082	Ala	CGC	0	0	92.3	76.70	15.60	Ala	104.6	
chr     	39	1134513	1134423	Gly	TCC	1134473	1134459	89.2	73.10	16.10	Gly	113.6	CI
chr     	40	949724 	949653 	His	GTG	0	0	81.9	65.50	16.40	His	95.3	
chr     	41	796454 	796364 	Pro	GGG	796415	796400	88.2	73.00	15.20	Pro	116.9	CI
chr     	42	796245 	796173 	Gln	CTG	0	0	89.6	71.20	18.40	Gln	105.0	
chr     	43	605068 	604981 	Leu	TAG	0	0	91.0	61.40	29.60	Leu	132.9	
chr     	44	314649 	314552 	Ser	GGA	314611	314599	80.6	60.00	20.60	Ser	106.5	CI
chr     	45	314476 	314392 	Ser	GCT	0	0	88.1	63.00	25.10	Ser	102.3	
chr     	46	200735 	200645 	Pro	TGG	200696	200681	83.8	64.60	19.20	Pro	112.0	CI
chr     	47	143680 	143606 	Asn	GTT	0	0	101.1	84.50	16.60	Asn	108.8	
chr     	48	33405  	33329  	Arg	TCG	0	0	105.1	86.50	18.60	Lys	107.5	IPD:-2.70
chr     	49	22385  	22238  	Leu	CAG	22333	22311	35.0	36.30	-1.30	Leu	21.9	NCI:1
