Sequence		tRNA   	Bounds 	tRNA	Anti	Intron Bounds	Inf	HMM	2'Str	Isotype	Isotype	      
Name    	tRNA #	Begin  	End    	Type	Codon	Begin	End	Score	Score	Score	CM	Score	Note
--------	------	-----  	------ 	----	-----	-----	----	------	-----	-----	-------	-------	------
chr     	1	506083 	506199 	Tyr	GTA	506123	506165	90.7	69.40	21.30	Tyr	102.4	NCI:1
chr     	2	1107540	1107651	Gln	TTG	1107562,1107596	1107577,1107615	91.5	73.10	18.40	Gln	109.1	NCI:2
chr     	3	1111720	1111804	Leu	TAG	0	0	85.3	55.60	29.70	Leu	127.8	
chr     	4	1119583	1119690	Cys	GCA	1119614,1119641	1119633,1119651	95.7	83.30	12.40	His	99.9	IPD:-7.10,CI,NCI:1
chr     	5	1146463	1146540	Arg	TCG	0	0	103.9	87.40	16.50	Arg	111.1	
chr     	6	1179021	1179129	Thr	CGT	1179052,1179080	1179071,1179093	96.5	79.70	16.80	Thr	114.2	CI,NCI:1
chr     	7	1221709	1221809	Arg	CCT	1221741	1221763	101.1	82.60	18.50	Arg	114.7	NCI:1
chr     	8	1259654	1259725	Ala	GGC	0	0	86.9	71.20	15.70	Ala	104.4	
chr     	9	1269610	1269710	Lys	TTT	1269642	1269664	103.5	84.90	18.60	Lys	122.2	NCI:1
chr     	10	1400839	1400926	Ser	GGA	0	0	90.6	69.00	21.60	Ser	112.1	
chr     	11	1401056	1401143	Ser	GCT	0	0	93.9	68.80	25.10	Ser	108.0	
chr     	12	1403711	1403802	Gly	CCC	1403751	1403766	89.9	73.80	16.10	Gly	113.6	CI
chr     	13	1403842	1403926	Leu	TAA	0	0	92.8	63.10	29.70	Leu	133.0	
chr     	14	1441482	1441590	Gly	GCC	1441504	1441533	103.2	87.20	16.00	Gly	118.7	NCI:1
chr     	15	1441626	1441703	Arg	CCG	0	0	101.4	82.90	18.50	Arg	115.4	
chr     	16	1444765	1444858	Trp	CCA	1444811	1444827	102.3	85.90	16.40	Trp	111.0	NCI:1
chr     	17	1468775	1468870	Lys	CTT	1468813	1468834	92.6	74.00	18.60	Lys	122.7	CI
chr     	18	1468929	1469020	Val	GAC	1468957	1468976	95.6	79.00	16.60	Pro	103.9	IPD:-4.70,NCI:1
chr     	19	1489055	1489166	Gln	CTG	1489077,1489111	1489092,1489130	92.2	73.80	18.40	Gln	109.2	NCI:2
chr     	20	1492363	1492459	Pro	GGG	1492402	1492423	88.0	72.70	15.30	Pro	116.9	CI
chr     	21	1495532	1495623	Thr	GGT	1495571	1495588	92.1	69.10	23.00	Thr	115.7	NCI:1
chr     	22	1582343	1582435	Phe	GAA	1582381	1582398	98.7	81.60	17.10	Phe	113.5	NCI:1
chr     	23	1636533	1636609	iMet	CAT	0	0	105.3	81.60	23.70	iMet	118.8	
chr     	24	1664444	1664539	Ala	CGC	1664472	1664492	98.1	82.40	15.70	Ala	110.2	NCI:1
chr     	25	1744634	1744533	Ser	CGA	1744596	1744583	84.3	60.80	23.50	Ser	116.5	CI
chr     	26	1689258	1689145	Pro	CGG	1689232,1689182	1689214,1689165	88.5	77.00	11.50	Pro	102.3	NCI:2
chr     	27	1567319	1567199	Gly	TCC	1567298,1567250	1567269,1567235	86.8	70.70	16.10	Gly	104.9	CI,NCI:1
chr     	28	1347290	1347203	Leu	GAG	0	0	91.2	61.50	29.70	Leu	132.9	
chr     	29	1347112	1346990	Ile	GAT	1347073,1347044	1347059,1347015	101.1	85.30	15.80	Ile	127.0	CI,NCI:1
chr     	30	1270655	1270526	Val	TAC	1270619,1270580	1270595,1270551	90.8	73.30	17.50	Val	107.6	CI,NCI:1
chr     	31	1270434	1270323	Pro	TGG	1270408,1270378	1270391,1270362	89.7	71.70	18.00	Pro	114.5	CI,NCI:1
chr     	32	1137732	1137645	Leu	CAG	0	0	91.8	62.10	29.70	Leu	132.6	
chr     	33	1137604	1137510	Met	CAT	1137573	1137554	95.9	82.90	13.00	Ile	107.1	IPD:-8.50,NCI:1
chr     	34	1131793	1131696	Asp	GTC	1131765	1131746	97.9	79.70	18.20	Asp	119.4	NCI:1
chr     	35	1125921	1125814	Thr	TGT	1125891,1125863	1125872,1125850	80.2	63.40	16.80	Thr	104.3	CI,NCI:1
chr     	36	1106474	1106400	Ala	TGC	0	0	97.4	81.70	15.70	Ala	114.2	
chr     	37	865853 	865782 	His	GTG	0	0	81.8	64.70	17.10	His	94.6	
chr     	38	774257 	774141 	Asn	GTT	774224,774186	774202,774169	98.3	81.70	16.60	Asn	107.1	NCI:2
chr     	39	673194 	673102 	Val	CAC	673158	673141	94.8	77.40	17.40	Pro	109.8	IPD:-0.10,CI
chr     	40	655649 	655540 	Ser	TGA	655622	655601	94.4	70.10	24.30	Ser	117.3	NCI:1
chr     	41	568742 	568655 	Leu	CAA	0	0	97.1	67.40	29.70	Leu	137.0	
chr     	42	560147 	560029 	Glu	CTC	560144,560104	560124,560085	104.5	88.70	15.80	Glu	126.7	NCI:2
chr     	43	538387 	538290 	Arg	TCT	538355	538336	99.7	82.10	17.60	Arg	114.5	NCI:1
chr     	44	185974 	185866 	Ile2	CAT	185944	185910	100.0	84.10	15.90	Ile	113.5	IPD:-1.40,NCI:1
chr     	45	70319  	70201  	Glu	TTC	70316,70276	70296,70257	98.5	85.40	13.10	Glu	123.1	NCI:2
chr     	46	69955  	69861  	Arg	GCG	69923	69904	93.3	74.60	18.70	Arg	106.4	NCI:1
